1661185001434	geckodriver	INFO	Listening on 127.0.0.1:65134
1661185004697	geckodriver	INFO	Listening on 127.0.0.1:65141
1661185759388	geckodriver	INFO	Listening on 127.0.0.1:55138
1661185762483	mozrunner::runner	INFO	Running command: "C:\\Program Files\\Mozilla Firefox\\firefox.exe" "--marionette" "--remote-debugging-port" "55139" "--remote-allow-hosts" "localhost" "-no-remote" "-profile" "C:\\Users\\HP\\AppData\\Local\\Temp\\rust_mozprofileLVcohB"
1661185763253	Marionette	INFO	Marionette enabled
1661185763263	Marionette	INFO	Listening on port 55150
WebDriver BiDi listening on ws://localhost:55139
Read port: 55150
1661185763427	RemoteAgent	WARN	TLS certificate errors will be ignored for this session
console.warn: SearchSettings: "get: No settings file exists, new profile?" (new NotFoundError("Could not open the file at C:\\Users\\HP\\AppData\\Local\\Temp\\rust_mozprofileLVcohB\\search.json.mozlz4", (void 0)))
DevTools listening on ws://localhost:55139/devtools/browser/e091df90-3147-438d-9dc3-3886b3ccdde1
JavaScript error: , line 0: NS_ERROR_NOT_AVAILABLE
1661191639952	Marionette	INFO	Stopped listening on port 55150
console.warn: TopSitesFeed: Failed to fetch data from Contile server: NetworkError when attempting to fetch resource.
" "localhost" "-no-remote" "-profile" "C:\\Users\\HP\\AppData\\Local\\Temp\\rust_mozprofile1kk3gY"
1661185773427	Marionette	INFO	Marionette enabled
1661185773439	Marionette	INFO	Listening on port 55185
WebDriver BiDi listening on ws://localhost:55171
Read port: 55185
1661185773603	RemoteAgent	WARN	TLS certificate errors will be ignored for this session
console.warn: SearchSettings: "get: No settings file exists, new profile?" (new NotFoundError("Could not open the file at C:\\Users\\HP\\AppData\\Local\\Temp\\rust_mozprofile1kk3gY\\search.json.mozlz4", (void 0)))
DevTools listening on ws://localhost:55171/devtools/browser/197691dd-8eb1-4487-bc01-efcfa0901e97
console.warn: LoginRecipes: "getRecipes: falling back to a synchronous message for:" "https://admin-demo.nopcommerce.com"
console.warn: LoginRecipes: "getRecipes: falling back to a synchronous message for:" "https://admin-demo.nopcommerce.com"
JavaScript error: resource://gre/modules/LoginManagerParent.jsm, line 136: TypeError: gRecipeManager is null
JavaScript error: , line 0: NS_ERROR_NOT_AVAILABLE
1661191641562	Marionette	INFO	Stopped listening on port 55185
console.warn: TopSitesFeed: Failed to fetch data from Contile server: NetworkError when attempting to fetch resource.
tte" "--remote-debugging-port" "55261" "--remote-allow-hosts" "localhost" "-no-remote" "-profile" "1661185902752	Marionette	INFO	Marionette enabled
16611859021661185903246	Marionette	INFO	Marionette enabled
1661185903254	Marionette	INFO	Listening on port 55279
WebDriver BiDi listening on ws://localhost:55261
Read port: 55279
1661185903589	RemoteAgent	WAconsole.warn: SearchSettings: "get: No settings file exists,console.warn: SearchSettings: "get: No settings file exists, new profile?" (new NotFoundError("Could not open the file at C:\\Users\\HP\\AppData\\Local\\TeDevTools listening on ws://localhost:55258/devtools/browser/DevTools listening on ws://localhost:51661185927747	Marionette	INFO	Stopped listening on port 55275
console.warn: TopSitesFeed: Failed to fetch data from Contile server: NetworkError when attempting to fetch resource.

console.warn: LoginRecipes: "getRecipes: falling back to a synchronous message for:" "https://admin-demo.nopcommerce.com"
JavaScript error: resource://gre/modules/LoginManagerParent.jsm, line 136: TypeError: gRecipeManager is null
1661185927053	Marionette	INFO	Stopped listening on port 55279
console.warn: TopSitesFeed: Failed to fetch data from Contile server: NetworkError when attempting to fetch resource.
1661186675654	geckodriver	INFO	Listening on 127.0.0.1:55631
1661186678737	mozrunner::runner	INFO	Running command: "C:\\Program Files\\Mozilla Firefox\\firefox.exe" "--marionette" "--remote-debugging-port" "55633" "--remote-allow-hosts" "localhost" "-no-remote" "-profile" "C:\\Users\\HP\\AppData\\Local\\Temp\\rust_mozprofilevXbkrR"
1661186679393	Marionette	INFO	Marionette enabled
1661186679402	Marionette	INFO	Listening on port 55652
WebDriver BiDi listening on ws://localhost:55633
Read port: 55652
1661186679631	RemoteAgent	WARN	TLS certificate errors will be ignored for this session
console.warn: SearchSettings: "get: No settings file exists, new profile?" (new NotFoundError("Could not open the file at C:\\Users\\HP\\AppData\\Local\\Temp\\rust_mozprofilevXbkrR\\search.json.mozlz4", (void 0)))
DevTools listening on ws://localhost:55634/devtools/browser/5c8e59f1-cea3-48c3-ac90-b5263eea0ce7
JavaScript error: , line 0: NS_ERROR_NOT_AVAILABLE
1661191644215	Marionette	INFO	Stopped listening on port 55652
console.warn: TopSitesFeed: Failed to fetch data from Contile server: NetworkError when attempting to fetch resource.
merce.com"
JavaScript error: resource://gre/modules/LoginManagerParent.jsm, line 136: TypeError: gRecipeManager is null
1661186685605	Marionette	WARN	TimedPromise timed out after 500 ms: stacktrace:
TimedPromise/<@chrome://remote/content/marionette/sync.js:237:24
TimedPromise@chrome://remote/content/marionette/sync.js:222:10
interaction.flushEventLoop@chrome://remote/content/marionette/interaction.js:431:10
webdriverClickElement@chrome://remote/content/marionette/interaction.js:179:31
JavaScript error: , line 0: NS_ERROR_NOT_AVAILABLE
1661191642908	Marionette	INFO	Stopped listening on port 55651
console.warn: TopSitesFeed: Failed to fetch data from Contile server: NetworkError when attempting to fetch resource.
